Determining if the pthread_create exist failed with the following output:
Change Dir: /home/sergey/CLionProjects/TP_CPP_PROJECT/server/cmake-build-debug/CMakeFiles/CMakeTmp

Run Build Command:"/usr/bin/make" "cmTC_f0cd5/fast"
make[1]: вход в каталог «/home/sergey/CLionProjects/TP_CPP_PROJECT/server/cmake-build-debug/CMakeFiles/CMakeTmp»
/usr/bin/make -f CMakeFiles/cmTC_f0cd5.dir/build.make CMakeFiles/cmTC_f0cd5.dir/build
make[2]: вход в каталог «/home/sergey/CLionProjects/TP_CPP_PROJECT/server/cmake-build-debug/CMakeFiles/CMakeTmp»
Building C object CMakeFiles/cmTC_f0cd5.dir/CheckSymbolExists.c.o
/usr/bin/cc    -o CMakeFiles/cmTC_f0cd5.dir/CheckSymbolExists.c.o   -c /home/sergey/CLionProjects/TP_CPP_PROJECT/server/cmake-build-debug/CMakeFiles/CMakeTmp/CheckSymbolExists.c
Linking C executable cmTC_f0cd5
/home/sergey/Загрузки/clion-2018.2.4/bin/cmake/linux/bin/cmake -E cmake_link_script CMakeFiles/cmTC_f0cd5.dir/link.txt --verbose=1
/usr/bin/cc      CMakeFiles/cmTC_f0cd5.dir/CheckSymbolExists.c.o  -o cmTC_f0cd5 
CMakeFiles/cmTC_f0cd5.dir/CheckSymbolExists.c.o: In function `main':
CheckSymbolExists.c:(.text+0x1b): undefined reference to `pthread_create'
collect2: error: ld returned 1 exit status
CMakeFiles/cmTC_f0cd5.dir/build.make:86: recipe for target 'cmTC_f0cd5' failed
make[2]: *** [cmTC_f0cd5] Error 1
make[2]: выход из каталога «/home/sergey/CLionProjects/TP_CPP_PROJECT/server/cmake-build-debug/CMakeFiles/CMakeTmp»
Makefile:121: recipe for target 'cmTC_f0cd5/fast' failed
make[1]: *** [cmTC_f0cd5/fast] Error 2
make[1]: выход из каталога «/home/sergey/CLionProjects/TP_CPP_PROJECT/server/cmake-build-debug/CMakeFiles/CMakeTmp»

File /home/sergey/CLionProjects/TP_CPP_PROJECT/server/cmake-build-debug/CMakeFiles/CMakeTmp/CheckSymbolExists.c:
/* */
#include <pthread.h>

int main(int argc, char** argv)
{
  (void)argv;
#ifndef pthread_create
  return ((int*)(&pthread_create))[argc];
#else
  (void)argc;
  return 0;
#endif
}

Determining if the function pthread_create exists in the pthreads failed with the following output:
Change Dir: /home/sergey/CLionProjects/TP_CPP_PROJECT/server/cmake-build-debug/CMakeFiles/CMakeTmp

Run Build Command:"/usr/bin/make" "cmTC_dd7b0/fast"
make[1]: вход в каталог «/home/sergey/CLionProjects/TP_CPP_PROJECT/server/cmake-build-debug/CMakeFiles/CMakeTmp»
/usr/bin/make -f CMakeFiles/cmTC_dd7b0.dir/build.make CMakeFiles/cmTC_dd7b0.dir/build
make[2]: вход в каталог «/home/sergey/CLionProjects/TP_CPP_PROJECT/server/cmake-build-debug/CMakeFiles/CMakeTmp»
Building C object CMakeFiles/cmTC_dd7b0.dir/CheckFunctionExists.c.o
/usr/bin/cc   -DCHECK_FUNCTION_EXISTS=pthread_create   -o CMakeFiles/cmTC_dd7b0.dir/CheckFunctionExists.c.o   -c /home/sergey/Загрузки/clion-2018.2.4/bin/cmake/linux/share/cmake-3.12/Modules/CheckFunctionExists.c
Linking C executable cmTC_dd7b0
/home/sergey/Загрузки/clion-2018.2.4/bin/cmake/linux/bin/cmake -E cmake_link_script CMakeFiles/cmTC_dd7b0.dir/link.txt --verbose=1
/usr/bin/cc  -DCHECK_FUNCTION_EXISTS=pthread_create    CMakeFiles/cmTC_dd7b0.dir/CheckFunctionExists.c.o  -o cmTC_dd7b0 -lpthreads 
/usr/bin/ld: cannot find -lpthreads
collect2: error: ld returned 1 exit status
CMakeFiles/cmTC_dd7b0.dir/build.make:86: recipe for target 'cmTC_dd7b0' failed
make[2]: *** [cmTC_dd7b0] Error 1
make[2]: выход из каталога «/home/sergey/CLionProjects/TP_CPP_PROJECT/server/cmake-build-debug/CMakeFiles/CMakeTmp»
Makefile:121: recipe for target 'cmTC_dd7b0/fast' failed
make[1]: *** [cmTC_dd7b0/fast] Error 2
make[1]: выход из каталога «/home/sergey/CLionProjects/TP_CPP_PROJECT/server/cmake-build-debug/CMakeFiles/CMakeTmp»


Determining if the pthread_create exist failed with the following output:
Change Dir: /home/sergey/CLionProjects/TP_CPP_PROJECT/server/cmake-build-debug/CMakeFiles/CMakeTmp

Run Build Command:"/usr/bin/make" "cmTC_cce74/fast"
/usr/bin/make -f CMakeFiles/cmTC_cce74.dir/build.make CMakeFiles/cmTC_cce74.dir/build
make[1]: вход в каталог «/home/sergey/CLionProjects/TP_CPP_PROJECT/server/cmake-build-debug/CMakeFiles/CMakeTmp»
Building C object CMakeFiles/cmTC_cce74.dir/CheckSymbolExists.c.o
/usr/bin/cc    -o CMakeFiles/cmTC_cce74.dir/CheckSymbolExists.c.o   -c /home/sergey/CLionProjects/TP_CPP_PROJECT/server/cmake-build-debug/CMakeFiles/CMakeTmp/CheckSymbolExists.c
Linking C executable cmTC_cce74
/home/sergey/Загрузки/clion-2018.2.4/bin/cmake/linux/bin/cmake -E cmake_link_script CMakeFiles/cmTC_cce74.dir/link.txt --verbose=1
/usr/bin/cc      CMakeFiles/cmTC_cce74.dir/CheckSymbolExists.c.o  -o cmTC_cce74 
CMakeFiles/cmTC_cce74.dir/CheckSymbolExists.c.o: In function `main':
CheckSymbolExists.c:(.text+0x1b): undefined reference to `pthread_create'
collect2: error: ld returned 1 exit status
CMakeFiles/cmTC_cce74.dir/build.make:86: recipe for target 'cmTC_cce74' failed
make[1]: *** [cmTC_cce74] Error 1
make[1]: выход из каталога «/home/sergey/CLionProjects/TP_CPP_PROJECT/server/cmake-build-debug/CMakeFiles/CMakeTmp»
Makefile:121: recipe for target 'cmTC_cce74/fast' failed
make: *** [cmTC_cce74/fast] Error 2

File /home/sergey/CLionProjects/TP_CPP_PROJECT/server/cmake-build-debug/CMakeFiles/CMakeTmp/CheckSymbolExists.c:
/* */
#include <pthread.h>

int main(int argc, char** argv)
{
  (void)argv;
#ifndef pthread_create
  return ((int*)(&pthread_create))[argc];
#else
  (void)argc;
  return 0;
#endif
}

Determining if the function pthread_create exists in the pthreads failed with the following output:
Change Dir: /home/sergey/CLionProjects/TP_CPP_PROJECT/server/cmake-build-debug/CMakeFiles/CMakeTmp

Run Build Command:"/usr/bin/make" "cmTC_1e329/fast"
/usr/bin/make -f CMakeFiles/cmTC_1e329.dir/build.make CMakeFiles/cmTC_1e329.dir/build
make[1]: вход в каталог «/home/sergey/CLionProjects/TP_CPP_PROJECT/server/cmake-build-debug/CMakeFiles/CMakeTmp»
Building C object CMakeFiles/cmTC_1e329.dir/CheckFunctionExists.c.o
/usr/bin/cc   -DCHECK_FUNCTION_EXISTS=pthread_create   -o CMakeFiles/cmTC_1e329.dir/CheckFunctionExists.c.o   -c /home/sergey/Загрузки/clion-2018.2.4/bin/cmake/linux/share/cmake-3.12/Modules/CheckFunctionExists.c
Linking C executable cmTC_1e329
/home/sergey/Загрузки/clion-2018.2.4/bin/cmake/linux/bin/cmake -E cmake_link_script CMakeFiles/cmTC_1e329.dir/link.txt --verbose=1
/usr/bin/cc  -DCHECK_FUNCTION_EXISTS=pthread_create    CMakeFiles/cmTC_1e329.dir/CheckFunctionExists.c.o  -o cmTC_1e329 -lpthreads 
/usr/bin/ld: cannot find -lpthreads
collect2: error: ld returned 1 exit status
CMakeFiles/cmTC_1e329.dir/build.make:86: recipe for target 'cmTC_1e329' failed
make[1]: *** [cmTC_1e329] Error 1
make[1]: выход из каталога «/home/sergey/CLionProjects/TP_CPP_PROJECT/server/cmake-build-debug/CMakeFiles/CMakeTmp»
Makefile:121: recipe for target 'cmTC_1e329/fast' failed
make: *** [cmTC_1e329/fast] Error 2


